Arguments: 
  C:\Program Files\nodejs\node.exe C:\Users\naimu\AppData\Roaming\npm\node_modules\yarn\bin\yarn.js add nodemon

PATH: 
  C:\windows\system32;C:\windows;C:\windows\System32\Wbem;C:\windows\System32\WindowsPowerShell\v1.0\;C:\windows\System32\OpenSSH\;C:\Program Files\nodejs\;C:\Program Files\Git\cmd;C:\Program Files\Go\bin;C:\Users\naimu\.ipfs;C:\Program Files\go-ipfs;C:\MinGW\bin;C:\Users\naimu\AppData\Local\Microsoft\WindowsApps;C:\Users\naimu\AppData\Roaming\npm;C:\Users\naimu\AppData\Local\Programs\Microsoft VS Code\bin;C:\Users\naimu\go\bin;C:\MinGW\bin;

Yarn version: 
  1.22.17

Node version: 
  16.14.0

Platform: 
  win32 x64

Trace: 
  Error: getaddrinfo ENOTFOUND registry.npmjs.org
      at GetAddrInfoReqWrap.onlookup [as oncomplete] (node:dns:71:26)

npm manifest: 
  {
    "name": "backend",
    "version": "1.0.0",
    "main": "app.js",
    "license": "MIT"
  }

yarn manifest: 
  No manifest

Lockfile: 
  No lockfile
